<?xml version="1.0" encoding="UTF-8"?>
<!-- Generated by org.testng.reporters.JUnitReportReporter -->
<testsuite hostname="bogon" name="rider.NagativeCheck" tests="1" failures="0" timestamp="12 Jun 2017 07:35:45 GMT" time="74.522" errors="0">
  <testcase name="test_2002_ChangeBundleCard" time="74.522" classname="rider.NagativeCheck"/>
</testsuite> <!-- rider.NagativeCheck -->
