<?xml version="1.0" encoding="UTF-8"?>
<!-- Generated by org.testng.reporters.JUnitReportReporter -->
<testsuite hostname="think-PC" name="com.pack.appium.OrderList" tests="1" failures="0" timestamp="15 Aug 2016 10:07:13 GMT" time="286.097" errors="0">
  <testcase name="test_3009_OrdersList_SelfDelivery_YTK" time="286.097" classname="com.pack.appium.OrderList"/>
</testsuite> <!-- com.pack.appium.OrderList -->
