<?xml version="1.0" encoding="UTF-8"?>
<!-- Generated by org.testng.reporters.JUnitReportReporter -->
<testsuite hostname="think-PC" name="rider.NewTest" tests="8" failures="0" timestamp="30 Oct 2017 09:21:32 GMT" time="132.182" errors="0">
  <testcase name="test_1000_PostState" time="12.532" classname="rider.NewTest"/>
  <testcase name="test_1200_ClickText" time="19.005" classname="rider.NewTest"/>
  <testcase name="test_1201_CheckText" time="19.677" classname="rider.NewTest"/>
  <testcase name="test_1200_CheckText" time="24.346" classname="rider.NewTest"/>
  <testcase name="test_1300_ClickText" time="17.993" classname="rider.NewTest"/>
  <testcase name="test_1100_CheckText" time="15.334" classname="rider.NewTest"/>
  <testcase name="test_1002_ChackText" time="10.160" classname="rider.NewTest"/>
  <testcase name="test_1001_CenBianXinxi" time="13.135" classname="rider.NewTest"/>
</testsuite> <!-- rider.NewTest -->
