<?xml version="1.0" encoding="UTF-8"?>
<!-- Generated by org.testng.reporters.JUnitReportReporter -->
<testsuite hostname="bogon" name="rider.UnfinishOrder" tests="1" failures="0" timestamp="5 Jul 2017 08:03:22 GMT" time="33.196" errors="0">
  <testcase name="test_0009_OrderCard_arrive_shop" time="33.196" classname="rider.UnfinishOrder"/>
</testsuite> <!-- rider.UnfinishOrder -->
