<?xml version="1.0" encoding="UTF-8"?>
<!-- Generated by org.testng.reporters.JUnitReportReporter -->
<testsuite hostname="think-PC" name="com.pack.appium.ShoppingCart" tests="1" failures="0" timestamp="16 Aug 2016 09:04:42 GMT" time="129.988" errors="0">
  <testcase name="test_6302_ShopMenu_ShoppingCart_OptionalSpecification" time="129.988" classname="com.pack.appium.ShoppingCart"/>
</testsuite> <!-- com.pack.appium.ShoppingCart -->
