<?xml version="1.0" encoding="UTF-8"?>
<!-- Generated by org.testng.reporters.JUnitReportReporter -->
<testsuite hostname="think-PC" name="com.pack.appium.IWM_User" tests="1" failures="0" timestamp="17 Aug 2016 06:21:38 GMT" time="35.317" errors="0">
  <testcase name="test_5003_RecallAddress_MAP" time="35.317" classname="com.pack.appium.IWM_User"/>
</testsuite> <!-- com.pack.appium.IWM_User -->
